[17:49:39] [ServerMain/INFO]: [bootstrap] Running Java 21 (Java HotSpot(TM) 64-Bit Server VM 21.0.5+9-LTS-239; Oracle Corporation null) on Windows 10 10.0 (amd64)
[17:49:39] [ServerMain/INFO]: [bootstrap] Loading Paper 1.21.8-60-main@29c8822 (2025-09-06T21:49:13Z) for Minecraft 1.21.8
[17:49:40] [ServerMain/WARN]: [oshi.util.platform.windows.PerfDataUtil] Failed to add PDH Counter: \Paging File(_Total)\% Usage, Error code: 0xC0000BB8
[17:49:40] [ServerMain/WARN]: [oshi.util.platform.windows.PerfCounterQueryHandler] Failed to add counter for PDH counter: \Paging File(_Total)\% Usage
[17:49:40] [ServerMain/INFO]: [oshi.util.platform.windows.PerfCounterQuery] Disabling further attempts to query Paging File.
[17:49:41] [ServerMain/WARN]: [oshi.util.platform.windows.WmiQueryHandler] COM exception: Invalid Query: SELECT PERCENTUSAGE FROM Win32_PerfRawData_PerfOS_PagingFile
[17:49:41] [ServerMain/INFO]: [PluginInitializerManager] Initializing plugins...
[17:49:42] [ServerMain/INFO]: [PluginInitializerManager] Initialized 1 plugin
[17:49:42] [ServerMain/INFO]: [PluginInitializerManager] Bukkit plugins (1):
 - TPaper (1.0-SNAPSHOT)
[17:49:49] [ServerMain/INFO]: Environment: Environment[sessionHost=https://sessionserver.mojang.com, servicesHost=https://api.minecraftservices.com, name=PROD]
[17:49:51] [ServerMain/INFO]: Loaded 1407 recipes
[17:49:51] [ServerMain/INFO]: Loaded 1520 advancements
[17:49:51] [ServerMain/INFO]: [ca.spottedleaf.dataconverter.minecraft.datatypes.MCTypeRegistry] Initialising converters for DataConverter...
[17:49:52] [ServerMain/INFO]: [ca.spottedleaf.dataconverter.minecraft.datatypes.MCTypeRegistry] Finished initialising converters for DataConverter in 470,1ms
[17:49:52] [Server thread/INFO]: Starting minecraft server version 1.21.8
[17:49:52] [Server thread/INFO]: Loading properties
[17:49:52] [Server thread/INFO]: This server is running Paper version 1.21.8-60-main@29c8822 (2025-09-06T21:49:13Z) (Implementing API version 1.21.8-R0.1-SNAPSHOT)
[17:49:52] [Server thread/INFO]: [spark] This server bundles the spark profiler. For more information please visit https://docs.papermc.io/paper/profiling
[17:49:52] [Server thread/INFO]: Server Ping Player Sample Count: 12
[17:49:52] [Server thread/INFO]: Using 4 threads for Netty based IO
[17:49:53] [Server thread/INFO]: [MoonriseCommon] Paper is using 2 worker threads, 1 I/O threads
[17:49:53] [Server thread/INFO]: [ChunkTaskScheduler] Chunk system is using population gen parallelism: true
[17:49:54] [Server thread/INFO]: Default game type: SURVIVAL
[17:49:54] [Server thread/INFO]: Generating keypair
[17:49:54] [Server thread/INFO]: Starting Minecraft server on *:25565
[17:49:54] [Server thread/INFO]: Using default channel type
[17:49:54] [Server thread/INFO]: Paper: Using Java compression from Velocity.
[17:49:54] [Server thread/INFO]: Paper: Using Java cipher from Velocity.
[17:49:54] [Server thread/INFO]: [TPaper] Loading server plugin TPaper v1.0-SNAPSHOT
[17:49:54] [Server thread/INFO]: Server permissions file permissions.yml is empty, ignoring it
[17:49:54] [Server thread/WARN]: **** SERVER IS RUNNING IN OFFLINE/INSECURE MODE!
[17:49:54] [Server thread/WARN]: The server will make no attempt to authenticate usernames. Beware.
[17:49:54] [Server thread/WARN]: While this makes the game possible to play without internet access, it also opens up the ability for hackers to connect with any username they choose.
[17:49:54] [Server thread/WARN]: To change this, set "online-mode" to "true" in the server.properties file.
[17:49:54] [Server thread/INFO]: Preparing level "world"
[17:49:54] [Server thread/INFO]: Preparing start region for dimension minecraft:overworld
[17:49:55] [Server thread/INFO]: Preparing spawn area: 0%
[17:49:55] [Server thread/INFO]: Preparing spawn area: 12%
[17:49:55] [Server thread/INFO]: Preparing spawn area: 12%
[17:49:56] [Server thread/INFO]: Time elapsed: 1146 ms
[17:49:56] [Server thread/INFO]: Preparing start region for dimension minecraft:the_nether
[17:49:56] [Server thread/INFO]: Preparing spawn area: 0%
[17:49:56] [Server thread/INFO]: Time elapsed: 181 ms
[17:49:56] [Server thread/INFO]: Preparing start region for dimension minecraft:the_end
[17:49:56] [Server thread/INFO]: Preparing spawn area: 0%
[17:49:56] [Server thread/INFO]: Time elapsed: 117 ms
[17:49:56] [Server thread/INFO]: [TPaper] Enabling TPaper v1.0-SNAPSHOT
[17:49:56] [Server thread/INFO]: [spark] Starting background profiler...
[17:49:56] [Server thread/INFO]: [spark] The async-profiler engine is not supported for your os/arch (windows10/amd64), so the built-in Java engine will be used instead.
[17:49:56] [Server thread/INFO]: Done preparing level "world" (2.369s)
[17:49:56] [Server thread/INFO]: Running delayed init tasks
[17:49:56] [Server thread/INFO]: Done (18.351s)! For help, type "help"
[17:50:16] [User Authenticator #0/INFO]: UUID of player buceto is 7baf72da-2235-3994-865a-d2d19b830e1c
[17:50:16] [Server thread/INFO]: buceto joined the game
[17:50:16] [Server thread/INFO]: buceto[/127.0.0.1:53925] logged in with entity id 44 at ([world]12.0, 73.0, -3.0)
[17:50:28] [Server thread/INFO]: [TPaper] O jogador buceto foi teletransportado para a coordenada: X: 12.0  Y: 73.0  Z: -3.0
[17:50:43] [Server thread/INFO]: buceto issued server command: /tpaper setCoords
[17:50:57] [Server thread/INFO]: buceto issued server command: /tpaper setCoords 123 67 -9
[17:51:01] [Server thread/INFO]: [TPaper] O jogador buceto foi teletransportado para a coordenada: X: 123.0  Y: 67.0  Z: -9.0
[17:51:21] [Server thread/INFO]: [TPaper] O jogador buceto foi teletransportado para a coordenada: X: 123.0  Y: 67.0  Z: -9.0
[17:51:24] [Server thread/INFO]: buceto suffocated in a wall
[17:51:32] [Server thread/INFO]: buceto lost connection: Disconnected
[17:51:32] [Server thread/INFO]: buceto left the game
